<?xml version="1.0" encoding="UTF-8"?>
<!-- Generated by org.testng.reporters.JUnitReportReporter -->
<testsuite hostname="UNI-BGL-SUMAN" failures="0" tests="1" name="Tests.SuperAdmin" time="0.000" errors="0" timestamp="09 Feb 2021 11:53:42 GMT" skipped="1">
  <testcase classname="Tests.SuperAdmin" name="SuperAdminUser" time="0.000">
    <skipped/>
  </testcase> <!-- SuperAdminUser -->
</testsuite> <!-- Tests.SuperAdmin -->
