<?xml version="1.0" encoding="UTF-8"?>
<!-- Generated by org.testng.reporters.JUnitReportReporter -->
<testsuite hostname="UNI-BGL-SUMAN" failures="0" tests="2" name="Tests.Admin" time="26.693" errors="0" timestamp="12 Feb 2021 07:41:21 GMT" skipped="0">
  <testcase classname="Tests.Admin" name="AdminUser" time="13.009"/>
  <testcase classname="Tests.Admin" name="UPPDistributor" time="13.684"/>
</testsuite> <!-- Tests.Admin -->
