<?xml version="1.0" encoding="UTF-8"?>
<!-- Generated by org.testng.reporters.JUnitReportReporter -->
<testsuite skipped="0" hostname="QASERVER01" name="Tests.UPPDistributors" tests="1" failures="0" timestamp="16 Mar 2021 12:16:47 GMT" time="30.410" errors="0">
  <testcase name="UPPDistributor" time="30.410" classname="Tests.UPPDistributors"/>
</testsuite> <!-- Tests.UPPDistributors -->
