<?xml version="1.0" encoding="UTF-8"?>
<!-- Generated by org.testng.reporters.JUnitReportReporter -->
<testsuite skipped="0" hostname="QASERVER01" name="Tests.KYC" tests="1" failures="0" timestamp="16 Mar 2021 12:16:47 GMT" time="51.673" errors="0">
  <testcase name="KYCPortal" time="51.673" classname="Tests.KYC"/>
</testsuite> <!-- Tests.KYC -->
