<?xml version="1.0" encoding="UTF-8"?>
<!-- Generated by org.testng.reporters.JUnitReportReporter -->
<testsuite skipped="0" hostname="QASERVER01" name="Tests.KYC" tests="1" failures="0" timestamp="17 Mar 2021 07:58:31 GMT" time="55.353" errors="0">
  <testcase name="KYCPortal" time="55.353" classname="Tests.KYC"/>
</testsuite> <!-- Tests.KYC -->
