<?xml version="1.0" encoding="UTF-8"?>
<!-- Generated by org.testng.reporters.JUnitReportReporter -->
<testsuite skipped="0" hostname="QASERVER01" name="Tests.Orders" tests="2" failures="0" timestamp="16 Mar 2021 12:16:47 GMT" time="119.150" errors="0">
  <testcase name="WareHouseOrders" time="48.562" classname="Tests.Orders"/>
  <testcase name="CreateOrder" time="70.588" classname="Tests.Orders"/>
</testsuite> <!-- Tests.Orders -->
