<?xml version="1.0" encoding="UTF-8"?>
<!-- Generated by org.testng.reporters.JUnitReportReporter -->
<testsuite hostname="UNI-BGL-SUMAN" failures="0" tests="2" name="Tests.Orders" time="105.328" errors="0" timestamp="16 Mar 2021 06:07:16 GMT" skipped="0">
  <testcase classname="Tests.Orders" name="WareHouseOrders" time="47.892"/>
  <testcase classname="Tests.Orders" name="CreateOrder" time="57.436"/>
</testsuite> <!-- Tests.Orders -->
