<?xml version="1.0" encoding="UTF-8"?>
<!-- Generated by org.testng.reporters.JUnitReportReporter -->
<testsuite hostname="UNI-BGL-SUMAN" failures="0" tests="1" name="Tests.SMSTemplates" time="21.583" errors="0" timestamp="16 Mar 2021 06:07:16 GMT" skipped="0">
  <testcase classname="Tests.SMSTemplates" name="Template" time="21.583"/>
</testsuite> <!-- Tests.SMSTemplates -->
