<?xml version="1.0" encoding="UTF-8"?>
<!-- Generated by org.testng.reporters.JUnitReportReporter -->
<testsuite hostname="UNI-BGL-SUMAN" failures="0" tests="4" name="Tests.UPPPayments" time="182.056" errors="0" timestamp="16 Mar 2021 06:07:16 GMT" skipped="0">
  <testcase classname="Tests.UPPPayments" name="KotakAvenueAborted" time="40.454"/>
  <testcase classname="Tests.UPPPayments" name="RazorPay" time="37.937"/>
  <testcase classname="Tests.UPPPayments" name="KotakAvenueFailure" time="53.251"/>
  <testcase classname="Tests.UPPPayments" name="KotakAvenueSucess" time="50.414"/>
</testsuite> <!-- Tests.UPPPayments -->
