<?xml version="1.0" encoding="UTF-8"?>
<!-- Generated by org.testng.reporters.JUnitReportReporter -->
<testsuite skipped="0" hostname="sumancb" name="Tests.Suman" tests="1" failures="0" timestamp="31 Jul 2019 14:16:49 GMT" time="13.171" errors="0">
  <testcase name="Kalyan" time="13.171" classname="Tests.Suman"/>
</testsuite> <!-- Tests.Suman -->
