<?xml version="1.0" encoding="UTF-8"?>
<!-- Generated by org.testng.reporters.JUnitReportReporter -->
<testsuite skipped="0" hostname="sumancb" name="Tests.Sample" tests="1" failures="0" timestamp="09 Oct 2019 05:07:49 GMT" time="26.114" errors="0">
  <testcase name="PreConditon" time="26.114" classname="Tests.Sample"/>
</testsuite> <!-- Tests.Sample -->
